<?xml version="1.0" encoding="UTF-8"?>
<testng-results ignored="0" total="5" passed="3" failed="2" skipped="0">
  <reporter-output>
  </reporter-output>
  <suite started-at="2025-11-20T17:16:49 IST" name="Suite" finished-at="2025-11-20T17:18:28 IST" duration-ms="99396">
    <groups>
    </groups>
    <test started-at="2025-11-20T17:16:49 IST" name="Test1" finished-at="2025-11-20T17:17:10 IST" duration-ms="21137">
      <class name="tc1">
        <test-method is-config="true" signature="setUp(java.lang.reflect.Method)[pri:0, instance:tc1@32eff876]" started-at="2025-11-20T17:16:49 IST" name="setUp" finished-at="2025-11-20T17:16:54 IST" duration-ms="4862" status="PASS">
          <params>
            <param index="0">
              <value>
                <![CDATA[public void tc1.loginTest()]]>
              </value>
            </param>
          </params>
          <reporter-output>
          </reporter-output>
        </test-method> <!-- setUp -->
        <test-method signature="loginTest()[pri:1, instance:tc1@32eff876]" started-at="2025-11-20T17:16:54 IST" name="loginTest" finished-at="2025-11-20T17:17:10 IST" duration-ms="15896" status="FAIL">
          <exception class="java.lang.AssertionError">
            <message>
              <![CDATA[Login test failed: Expected condition failed: waiting for url to contain "/dashboard". Current url: "https://opensource-demo.orangehrmlive.com/web/index.php/auth/login" (tried for 15 second(s) with 500 milliseconds interval)
Build info: version: '4.38.0', revision: '6b412e825c*'
System info: os.name: 'Windows 10', os.arch: 'amd64', os.version: '10.0', java.version: '21.0.8'
Driver info: org.openqa.selenium.edge.EdgeDriver
Capabilities {acceptInsecureCerts: false, browserName: MicrosoftEdge, browserVersion: 142.0.3595.90, fedcm:accounts: true, goog:processID: 19748, ms:edgeOptions: {debuggerAddress: localhost:57655}, msedge: {msedgedriverVersion: 142.0.3595.90 (dbd633f4fff1..., userDataDir: C:\Windows\SystemTemp\scope...}, networkConnectionEnabled: false, pageLoadStrategy: normal, platformName: windows, proxy: Proxy(), se:cdp: ws://localhost:57655/devtoo..., se:cdpVersion: 142.0.3595.90, setWindowRect: true, strictFileInteractability: false, timeouts: {implicit: 0, pageLoad: 300000, script: 30000}, unhandledPromptBehavior: dismiss and notify, webauthn:extension:credBlob: true, webauthn:extension:largeBlob: true, webauthn:extension:minPinLength: true, webauthn:extension:prf: true, webauthn:virtualAuthenticators: true}
Session ID: 435a063274a2cfa1823c19ce1128c7ba]]>
            </message>
            <full-stacktrace>
              <![CDATA[java.lang.AssertionError: Login test failed: Expected condition failed: waiting for url to contain "/dashboard". Current url: "https://opensource-demo.orangehrmlive.com/web/index.php/auth/login" (tried for 15 second(s) with 500 milliseconds interval)
Build info: version: '4.38.0', revision: '6b412e825c*'
System info: os.name: 'Windows 10', os.arch: 'amd64', os.version: '10.0', java.version: '21.0.8'
Driver info: org.openqa.selenium.edge.EdgeDriver
Capabilities {acceptInsecureCerts: false, browserName: MicrosoftEdge, browserVersion: 142.0.3595.90, fedcm:accounts: true, goog:processID: 19748, ms:edgeOptions: {debuggerAddress: localhost:57655}, msedge: {msedgedriverVersion: 142.0.3595.90 (dbd633f4fff1..., userDataDir: C:\Windows\SystemTemp\scope...}, networkConnectionEnabled: false, pageLoadStrategy: normal, platformName: windows, proxy: Proxy(), se:cdp: ws://localhost:57655/devtoo..., se:cdpVersion: 142.0.3595.90, setWindowRect: true, strictFileInteractability: false, timeouts: {implicit: 0, pageLoad: 300000, script: 30000}, unhandledPromptBehavior: dismiss and notify, webauthn:extension:credBlob: true, webauthn:extension:largeBlob: true, webauthn:extension:minPinLength: true, webauthn:extension:prf: true, webauthn:virtualAuthenticators: true}
Session ID: 435a063274a2cfa1823c19ce1128c7ba
at org.testng.Assert.fail(Assert.java:111)
at tc1.loginTest(tc1.java:49)
at java.base/jdk.internal.reflect.DirectMethodHandleAccessor.invoke(DirectMethodHandleAccessor.java:103)
at java.base/java.lang.reflect.Method.invoke(Method.java:580)
at org.testng.internal.invokers.MethodInvocationHelper.invokeMethod(MethodInvocationHelper.java:141)
at org.testng.internal.invokers.TestInvoker.invokeMethod(TestInvoker.java:686)
at org.testng.internal.invokers.TestInvoker.invokeTestMethod(TestInvoker.java:230)
at org.testng.internal.invokers.MethodRunner.runInSequence(MethodRunner.java:63)
at org.testng.internal.invokers.TestInvoker$MethodInvocationAgent.invoke(TestInvoker.java:992)
at org.testng.internal.invokers.TestInvoker.invokeTestMethods(TestInvoker.java:203)
at org.testng.internal.invokers.TestMethodWorker.invokeTestMethods(TestMethodWorker.java:154)
at org.testng.internal.invokers.TestMethodWorker.run(TestMethodWorker.java:134)
at java.base/java.util.ArrayList.forEach(ArrayList.java:1596)
at org.testng.TestRunner.privateRun(TestRunner.java:739)
at org.testng.TestRunner.run(TestRunner.java:614)
at org.testng.SuiteRunner.runTest(SuiteRunner.java:421)
at org.testng.SuiteRunner.runSequentially(SuiteRunner.java:413)
at org.testng.SuiteRunner.privateRun(SuiteRunner.java:373)
at org.testng.SuiteRunner.run(SuiteRunner.java:312)
at org.testng.SuiteRunnerWorker.runSuite(SuiteRunnerWorker.java:52)
at org.testng.SuiteRunnerWorker.run(SuiteRunnerWorker.java:95)
at org.testng.TestNG.runSuitesSequentially(TestNG.java:1274)
at org.testng.TestNG.runSuitesLocally(TestNG.java:1208)
at org.testng.TestNG.runSuites(TestNG.java:1112)
at org.testng.TestNG.run(TestNG.java:1079)
at org.apache.maven.surefire.testng.TestNGExecutor.run(TestNGExecutor.java:308)
at org.apache.maven.surefire.testng.TestNGXmlTestSuite.execute(TestNGXmlTestSuite.java:71)
at org.apache.maven.surefire.testng.TestNGProvider.invoke(TestNGProvider.java:113)
at org.apache.maven.surefire.booter.ForkedBooter.runSuitesInProcess(ForkedBooter.java:385)
at org.apache.maven.surefire.booter.ForkedBooter.execute(ForkedBooter.java:162)
at org.apache.maven.surefire.booter.ForkedBooter.run(ForkedBooter.java:507)
at org.apache.maven.surefire.booter.ForkedBooter.main(ForkedBooter.java:495)
]]>
            </full-stacktrace>
          </exception> <!-- java.lang.AssertionError -->
          <reporter-output>
          </reporter-output>
        </test-method> <!-- loginTest -->
        <test-method is-config="true" signature="tearDown(org.testng.ITestResult)[pri:0, instance:tc1@32eff876]" started-at="2025-11-20T17:17:10 IST" name="tearDown" finished-at="2025-11-20T17:17:10 IST" duration-ms="338" status="PASS">
          <params>
            <param index="0">
              <value>
                <![CDATA[[TestResult name=loginTest status=FAILURE method=tc1.loginTest()[pri:1, instance:tc1@32eff876] output={null}]]]>
              </value>
            </param>
          </params>
          <reporter-output>
          </reporter-output>
        </test-method> <!-- tearDown -->
      </class> <!-- tc1 -->
    </test> <!-- Test1 -->
    <test started-at="2025-11-20T17:17:10 IST" name="Test2" finished-at="2025-11-20T17:17:26 IST" duration-ms="16390">
      <class name="tc2">
        <test-method is-config="true" signature="setUp(java.lang.reflect.Method)[pri:0, instance:tc2@35cabb2a]" started-at="2025-11-20T17:17:10 IST" name="setUp" finished-at="2025-11-20T17:17:14 IST" duration-ms="4436" status="PASS">
          <params>
            <param index="0">
              <value>
                <![CDATA[public void tc2.addEmployeeTest()]]>
              </value>
            </param>
          </params>
          <reporter-output>
          </reporter-output>
        </test-method> <!-- setUp -->
        <test-method signature="addEmployeeTest()[pri:2, instance:tc2@35cabb2a]" started-at="2025-11-20T17:17:14 IST" name="addEmployeeTest" finished-at="2025-11-20T17:17:26 IST" duration-ms="11583" status="FAIL">
          <exception class="java.lang.AssertionError">
            <message>
              <![CDATA[Employee not added successfully expected [true] but found [false]]]>
            </message>
            <full-stacktrace>
              <![CDATA[java.lang.AssertionError: Employee not added successfully expected [true] but found [false]
at org.testng.Assert.fail(Assert.java:111)
at org.testng.Assert.failNotEquals(Assert.java:1578)
at org.testng.Assert.assertTrue(Assert.java:57)
at tc2.addEmployeeTest(tc2.java:62)
at java.base/jdk.internal.reflect.DirectMethodHandleAccessor.invoke(DirectMethodHandleAccessor.java:103)
at java.base/java.lang.reflect.Method.invoke(Method.java:580)
at org.testng.internal.invokers.MethodInvocationHelper.invokeMethod(MethodInvocationHelper.java:141)
at org.testng.internal.invokers.TestInvoker.invokeMethod(TestInvoker.java:686)
at org.testng.internal.invokers.TestInvoker.invokeTestMethod(TestInvoker.java:230)
at org.testng.internal.invokers.MethodRunner.runInSequence(MethodRunner.java:63)
at org.testng.internal.invokers.TestInvoker$MethodInvocationAgent.invoke(TestInvoker.java:992)
at org.testng.internal.invokers.TestInvoker.invokeTestMethods(TestInvoker.java:203)
at org.testng.internal.invokers.TestMethodWorker.invokeTestMethods(TestMethodWorker.java:154)
at org.testng.internal.invokers.TestMethodWorker.run(TestMethodWorker.java:134)
at java.base/java.util.ArrayList.forEach(ArrayList.java:1596)
at org.testng.TestRunner.privateRun(TestRunner.java:739)
at org.testng.TestRunner.run(TestRunner.java:614)
at org.testng.SuiteRunner.runTest(SuiteRunner.java:421)
at org.testng.SuiteRunner.runSequentially(SuiteRunner.java:413)
at org.testng.SuiteRunner.privateRun(SuiteRunner.java:373)
at org.testng.SuiteRunner.run(SuiteRunner.java:312)
at org.testng.SuiteRunnerWorker.runSuite(SuiteRunnerWorker.java:52)
at org.testng.SuiteRunnerWorker.run(SuiteRunnerWorker.java:95)
at org.testng.TestNG.runSuitesSequentially(TestNG.java:1274)
at org.testng.TestNG.runSuitesLocally(TestNG.java:1208)
at org.testng.TestNG.runSuites(TestNG.java:1112)
at org.testng.TestNG.run(TestNG.java:1079)
at org.apache.maven.surefire.testng.TestNGExecutor.run(TestNGExecutor.java:308)
at org.apache.maven.surefire.testng.TestNGXmlTestSuite.execute(TestNGXmlTestSuite.java:71)
at org.apache.maven.surefire.testng.TestNGProvider.invoke(TestNGProvider.java:113)
at org.apache.maven.surefire.booter.ForkedBooter.runSuitesInProcess(ForkedBooter.java:385)
at org.apache.maven.surefire.booter.ForkedBooter.execute(ForkedBooter.java:162)
at org.apache.maven.surefire.booter.ForkedBooter.run(ForkedBooter.java:507)
at org.apache.maven.surefire.booter.ForkedBooter.main(ForkedBooter.java:495)
]]>
            </full-stacktrace>
          </exception> <!-- java.lang.AssertionError -->
          <reporter-output>
          </reporter-output>
        </test-method> <!-- addEmployeeTest -->
        <test-method is-config="true" signature="tearDown(org.testng.ITestResult)[pri:0, instance:tc2@35cabb2a]" started-at="2025-11-20T17:17:26 IST" name="tearDown" finished-at="2025-11-20T17:17:26 IST" duration-ms="366" status="PASS">
          <params>
            <param index="0">
              <value>
                <![CDATA[[TestResult name=addEmployeeTest status=FAILURE method=tc2.addEmployeeTest()[pri:2, instance:tc2@35cabb2a] output={null}]]]>
              </value>
            </param>
          </params>
          <reporter-output>
          </reporter-output>
        </test-method> <!-- tearDown -->
      </class> <!-- tc2 -->
    </test> <!-- Test2 -->
    <test started-at="2025-11-20T17:17:26 IST" name="Reporter" finished-at="2025-11-20T17:17:26 IST" duration-ms="0">
    </test> <!-- Reporter -->
    <test started-at="2025-11-20T17:17:26 IST" name="Test3" finished-at="2025-11-20T17:17:45 IST" duration-ms="19143">
      <class name="tc3">
        <test-method is-config="true" signature="setUp(java.lang.reflect.Method)[pri:0, instance:tc3@1d2adfbe]" started-at="2025-11-20T17:17:26 IST" name="setUp" finished-at="2025-11-20T17:17:31 IST" duration-ms="4260" status="PASS">
          <params>
            <param index="0">
              <value>
                <![CDATA[public void tc3.searchEmployeeTest()]]>
              </value>
            </param>
          </params>
          <reporter-output>
          </reporter-output>
        </test-method> <!-- setUp -->
        <test-method signature="searchEmployeeTest()[pri:3, instance:tc3@1d2adfbe]" started-at="2025-11-20T17:17:31 IST" name="searchEmployeeTest" finished-at="2025-11-20T17:17:45 IST" duration-ms="14684" status="PASS">
          <reporter-output>
          </reporter-output>
        </test-method> <!-- searchEmployeeTest -->
        <test-method is-config="true" signature="tearDown(org.testng.ITestResult)[pri:0, instance:tc3@1d2adfbe]" started-at="2025-11-20T17:17:45 IST" name="tearDown" finished-at="2025-11-20T17:17:45 IST" duration-ms="198" status="PASS">
          <params>
            <param index="0">
              <value>
                <![CDATA[[TestResult name=searchEmployeeTest status=SUCCESS method=tc3.searchEmployeeTest()[pri:3, instance:tc3@1d2adfbe] output={null}]]]>
              </value>
            </param>
          </params>
          <reporter-output>
          </reporter-output>
        </test-method> <!-- tearDown -->
      </class> <!-- tc3 -->
    </test> <!-- Test3 -->
    <test started-at="2025-11-20T17:17:45 IST" name="Test4" finished-at="2025-11-20T17:18:17 IST" duration-ms="31812">
      <class name="tc4">
        <test-method is-config="true" signature="setUp(java.lang.reflect.Method)[pri:0, instance:tc4@74fe5c40]" started-at="2025-11-20T17:17:45 IST" name="setUp" finished-at="2025-11-20T17:17:49 IST" duration-ms="3833" status="PASS">
          <params>
            <param index="0">
              <value>
                <![CDATA[public void tc4.updateEmployeeTest()]]>
              </value>
            </param>
          </params>
          <reporter-output>
          </reporter-output>
        </test-method> <!-- setUp -->
        <test-method signature="updateEmployeeTest()[pri:4, instance:tc4@74fe5c40]" started-at="2025-11-20T17:17:49 IST" name="updateEmployeeTest" finished-at="2025-11-20T17:18:17 IST" duration-ms="27781" status="PASS">
          <reporter-output>
          </reporter-output>
        </test-method> <!-- updateEmployeeTest -->
        <test-method is-config="true" signature="tearDown(org.testng.ITestResult)[pri:0, instance:tc4@74fe5c40]" started-at="2025-11-20T17:18:17 IST" name="tearDown" finished-at="2025-11-20T17:18:17 IST" duration-ms="195" status="PASS">
          <params>
            <param index="0">
              <value>
                <![CDATA[[TestResult name=updateEmployeeTest status=SUCCESS method=tc4.updateEmployeeTest()[pri:4, instance:tc4@74fe5c40] output={null}]]]>
              </value>
            </param>
          </params>
          <reporter-output>
          </reporter-output>
        </test-method> <!-- tearDown -->
      </class> <!-- tc4 -->
    </test> <!-- Test4 -->
    <test started-at="2025-11-20T17:18:17 IST" name="Test5" finished-at="2025-11-20T17:18:28 IST" duration-ms="10869">
      <class name="tc5">
        <test-method is-config="true" signature="beforeSuite()[pri:0, instance:tc5@77847718]" started-at="2025-11-20T17:16:49 IST" name="beforeSuite" finished-at="2025-11-20T17:16:49 IST" duration-ms="154" status="PASS">
          <reporter-output>
          </reporter-output>
        </test-method> <!-- beforeSuite -->
        <test-method is-config="true" signature="setUp(java.lang.reflect.Method)[pri:0, instance:tc5@77847718]" started-at="2025-11-20T17:18:17 IST" name="setUp" finished-at="2025-11-20T17:18:22 IST" duration-ms="4257" status="PASS">
          <params>
            <param index="0">
              <value>
                <![CDATA[public void tc5.logoutTest()]]>
              </value>
            </param>
          </params>
          <reporter-output>
          </reporter-output>
        </test-method> <!-- setUp -->
        <test-method signature="logoutTest()[pri:5, instance:tc5@77847718]" started-at="2025-11-20T17:18:22 IST" name="logoutTest" finished-at="2025-11-20T17:18:28 IST" duration-ms="6400" status="PASS">
          <reporter-output>
          </reporter-output>
        </test-method> <!-- logoutTest -->
        <test-method is-config="true" signature="tearDown(org.testng.ITestResult)[pri:0, instance:tc5@77847718]" started-at="2025-11-20T17:18:28 IST" name="tearDown" finished-at="2025-11-20T17:18:28 IST" duration-ms="209" status="PASS">
          <params>
            <param index="0">
              <value>
                <![CDATA[[TestResult name=logoutTest status=SUCCESS method=tc5.logoutTest()[pri:5, instance:tc5@77847718] output={null}]]]>
              </value>
            </param>
          </params>
          <reporter-output>
          </reporter-output>
        </test-method> <!-- tearDown -->
        <test-method is-config="true" signature="afterSuite()[pri:0, instance:tc5@77847718]" started-at="2025-11-20T17:18:28 IST" name="afterSuite" finished-at="2025-11-20T17:18:29 IST" duration-ms="447" status="PASS">
          <reporter-output>
          </reporter-output>
        </test-method> <!-- afterSuite -->
      </class> <!-- tc5 -->
    </test> <!-- Test5 -->
  </suite> <!-- Suite -->
</testng-results>
