<?xml version="1.0" encoding="UTF-8"?>
<!-- Generated by org.testng.reporters.JUnitXMLReporter -->
<testsuite ignored="0" hostname="4fb5f3889e3b596" failures="1" tests="1" name="Test2" time="16.44" errors="0" timestamp="2025-11-20T16:56:30 IST">
  <testcase classname="tc2" name="addEmployeeTest" time="12.042">
    <failure type="java.lang.AssertionError" message="Employee not added successfully expected [true] but found [false]">
      <![CDATA[java.lang.AssertionError: Employee not added successfully expected [true] but found [false]
at tc2.addEmployeeTest(tc2.java:62)
at java.base/java.util.ArrayList.forEach(ArrayList.java:1596)
... Removed 28 stack frames]]>
    </failure>
  </testcase> <!-- addEmployeeTest -->
</testsuite> <!-- Test2 -->
